<?xml version="1.0" encoding="UTF-8"?>
<!-- Generated by org.testng.reporters.JUnitReportReporter -->
<testsuite hostname="LAPTOP-DLCP2JCN" failures="0" tests="1" name="com.shopkeyweb.HomePageTests" time="0.071" errors="0" timestamp="2023-09-07T12:32:23 IST" skipped="0">
  <testcase classname="com.shopkeyweb.HomePageTests" name="testOpeningHomePage" time="0.071"/>
</testsuite> <!-- com.shopkeyweb.HomePageTests -->
