<?xml version="1.0" encoding="UTF-8"?>
<!-- Generated by org.testng.reporters.JUnitReportReporter -->
<testsuite hostname="LAPTOP-DLCP2JCN" failures="0" tests="3" name="com.shopkeyweb.Apis_test" time="5.550" errors="0" timestamp="2023-09-11T15:14:23 IST" skipped="0">
  <testcase classname="com.shopkeyweb.Apis_test" name="testSuccessfulGetApi" time="4.303"/>
  <testcase classname="com.shopkeyweb.Apis_test" name="testErrorGetApi" time="0.487"/>
  <testcase classname="com.shopkeyweb.Apis_test" name="testServerErrorsGetApi" time="0.760"/>
</testsuite> <!-- com.shopkeyweb.Apis_test -->
