<?xml version="1.0" encoding="UTF-8"?>
<!-- Generated by org.testng.reporters.JUnitReportReporter -->
<testsuite hostname="LAPTOP-DLCP2JCN" failures="0" tests="1" name="com.shopkeyweb.Link_images_test" time="57.421" errors="0" timestamp="2023-09-12T14:14:00 IST" skipped="0">
  <testcase classname="com.shopkeyweb.Link_images_test" name="testBrokenLinksAndImages" time="57.421"/>
</testsuite> <!-- com.shopkeyweb.Link_images_test -->
